<?xml version="1.0" encoding="UTF-8" ?>
<testsuite tests="7" failures="0" name="com.justone.pgwriter.TableWriterTest" time="0.245" errors="0" skipped="0">
  <properties>
[...]
</properties>
  <testcase classname="com.justone.pgwriter.TableWriterTest" name="testAppendAndNext" time="0.129"/>
  <testcase classname="com.justone.pgwriter.TableWriterTest" name="testFlush" time="0.021"/>
  <testcase classname="com.justone.pgwriter.TableWriterTest" name="testIsEmpty" time="0.02"/>
  <testcase classname="com.justone.pgwriter.TableWriterTest" name="testFirstColumn" time="0.02"/>
  <testcase classname="com.justone.pgwriter.TableWriterTest" name="testLastColumn" time="0.019"/>
  <testcase classname="com.justone.pgwriter.TableWriterTest" name="testGetColumnNo" time="0.018"/>
  <testcase classname="com.justone.pgwriter.TableWriterTest" name="testGetConnection" time="0.018"/>
</testsuite>